Using pre-set license
Built from '6000.0/staging' branch; Version is '6000.0.42f1 (feb9a7235030) revision 16693671'; Using compiler version '193933523'; Build Type 'Release'
OS: 'Windows 10  (10.0.19045) 64bit Professional' Language: 'es' Physical Memory: 6074 MB
BatchMode: 1, IsHumanControllingUs: 0, StartBugReporterOnCrash: 0, Is64bit: 1, IsPro: 1

COMMAND LINE ARGUMENTS:
D:\apps\6000.0.42f1\Editor\Unity.exe
-adb2
-batchMode
-noUpm
-name
AssetImportWorker1
-projectPath
D:/DaDImaginatio2025/DyD
-logFile
Logs/AssetImportWorker1.log
-srvPort
59881
-job-worker-count
1
-background-job-worker-count
8
-gc-helper-count
1
Successfully changed project path to: D:/DaDImaginatio2025/DyD
D:/DaDImaginatio2025/DyD
[UnityMemory] Configuration Parameters - Can be set up in boot.config
    "memorysetup-bucket-allocator-granularity=16"
    "memorysetup-bucket-allocator-bucket-count=8"
    "memorysetup-bucket-allocator-block-size=33554432"
    "memorysetup-bucket-allocator-block-count=8"
    "memorysetup-main-allocator-block-size=16777216"
    "memorysetup-thread-allocator-block-size=16777216"
    "memorysetup-gfx-main-allocator-block-size=16777216"
    "memorysetup-gfx-thread-allocator-block-size=16777216"
    "memorysetup-cache-allocator-block-size=4194304"
    "memorysetup-typetree-allocator-block-size=2097152"
    "memorysetup-profiler-bucket-allocator-granularity=16"
    "memorysetup-profiler-bucket-allocator-bucket-count=8"
    "memorysetup-profiler-bucket-allocator-block-size=33554432"
    "memorysetup-profiler-bucket-allocator-block-count=8"
    "memorysetup-profiler-allocator-block-size=16777216"
    "memorysetup-profiler-editor-allocator-block-size=1048576"
    "memorysetup-temp-allocator-size-main=16777216"
    "memorysetup-job-temp-allocator-block-size=2097152"
    "memorysetup-job-temp-allocator-block-size-background=1048576"
    "memorysetup-job-temp-allocator-reduction-small-platforms=262144"
    "memorysetup-allocator-temp-initial-block-size-main=262144"
    "memorysetup-allocator-temp-initial-block-size-worker=262144"
    "memorysetup-temp-allocator-size-background-worker=32768"
    "memorysetup-temp-allocator-size-job-worker=262144"
    "memorysetup-temp-allocator-size-preload-manager=33554432"
    "memorysetup-temp-allocator-size-nav-mesh-worker=65536"
    "memorysetup-temp-allocator-size-audio-worker=65536"
    "memorysetup-temp-allocator-size-cloud-worker=32768"
    "memorysetup-temp-allocator-size-gi-baking-worker=262144"
    "memorysetup-temp-allocator-size-gi-baking-worker=262144"
    "memorysetup-temp-allocator-size-gi-baking-worker=262144"
    "memorysetup-temp-allocator-size-gi-baking-worker=262144"
    "memorysetup-temp-allocator-size-gi-baking-worker=262144"
    "memorysetup-temp-allocator-size-gfx=262144"
Player connection [19684]  Target information:

Player connection [19684]  * "[IP] 192.168.0.10 [Port] 0 [Flags] 2 [Guid] 3464504911 [EditorId] 3464504911 [Version] 1048832 [Id] WindowsEditor(7,DESKTOP-3T6IP5S) [Debug] 1 [PackageName] WindowsEditor [ProjectName] Editor" 

Player connection [19684] Host joined multi-casting on [225.0.0.222:54997]...
Player connection [19684] Host joined alternative multi-casting on [225.0.0.222:34997]...
JobSystem: Creating JobQueue using job-worker-count value 1
Input System module state changed to: Initialized.
[Physics::Module] Initialized fallback backend.
[Physics::Module] Id: 0xdecafbad
Library Redirect Path: Library/
[Physics::Module] Selected backend.
[Physics::Module] Name: PhysX
[Physics::Module] Id: 0xf2b8ea05
[Physics::Module] SDK Version: 4.1.2
[Physics::Module] Integration Version: 1.0.0
[Physics::Module] Threading Mode: Multi-Threaded
Refreshing native plugins compatible for Editor in 553.85 ms, found 5 plugins.
Preloading 0 native plugins for Editor in 0.00 ms.
Initialize engine version: 6000.0.42f1 (feb9a7235030)
[Subsystems] Discovering subsystems at path D:/apps/6000.0.42f1/Editor/Data/Resources/UnitySubsystems
[Subsystems] Discovering subsystems at path D:/DaDImaginatio2025/DyD/Assets
GfxDevice: creating device client; kGfxThreadingModeNonThreaded
Direct3D:
    Version:  Direct3D 11.0 [level 11.0]
    Renderer: NVIDIA GeForce GT 710 (ID=0x128b)
    Vendor:   NVIDIA
    VRAM:     2007 MB
    Driver:   30.0.14.7444
Initialize mono
Mono path[0] = 'D:/apps/6000.0.42f1/Editor/Data/Managed'
Mono path[1] = 'D:/apps/6000.0.42f1/Editor/Data/MonoBleedingEdge/lib/mono/unityjit-win32'
Mono config path = 'D:/apps/6000.0.42f1/Editor/Data/MonoBleedingEdge/etc'
Using monoOptions --debugger-agent=transport=dt_socket,embedding=1,server=y,suspend=n,address=127.0.0.1:56316
Begin MonoManager ReloadAssembly
Registering precompiled unity dll's ...
Register platform support module: D:/apps/6000.0.42f1/Editor/Data/PlaybackEngines/WindowsStandaloneSupport/UnityEditor.WindowsStandalone.Extensions.dll
Register platform support module: D:/apps/6000.0.42f1/Editor/Data/PlaybackEngines/AndroidPlayer/UnityEditor.Android.Extensions.dll
Registered in 0.033978 seconds.
- Loaded All Assemblies, in  2.281 seconds
Native extension for Android target not found
Android Extension - Scanning For ADB Devices 605 ms
Native extension for WindowsStandalone target not found
Mono: successfully reloaded assembly
- Finished resetting the current domain, in  1.584 seconds
Domain Reload Profiling: 3864ms
	BeginReloadAssembly (1345ms)
		ExecutionOrderSort (0ms)
		DisableScriptedObjects (0ms)
		BackupInstance (0ms)
		ReleaseScriptingObjects (0ms)
		CreateAndSetChildDomain (3ms)
	RebuildCommonClasses (135ms)
	RebuildNativeTypeToScriptingClass (31ms)
	initialDomainReloadingComplete (140ms)
	LoadAllAssembliesAndSetupDomain (628ms)
		LoadAssemblies (1344ms)
		RebuildTransferFunctionScriptingTraits (0ms)
		AnalyzeDomain (619ms)
			TypeCache.Refresh (617ms)
				TypeCache.ScanAssembly (574ms)
			BuildScriptInfoCaches (0ms)
			ResolveRequiredComponents (1ms)
	FinalizeReload (1585ms)
		ReleaseScriptCaches (0ms)
		RebuildScriptCaches (0ms)
		SetupLoadedEditorAssemblies (1459ms)
			LogAssemblyErrors (0ms)
			InitializePlatformSupportModulesInManaged (870ms)
			SetLoadedEditorAssemblies (6ms)
			BeforeProcessingInitializeOnLoad (130ms)
			ProcessInitializeOnLoadAttributes (302ms)
			ProcessInitializeOnLoadMethodAttributes (150ms)
			AfterProcessingInitializeOnLoad (0ms)
			EditorAssembliesLoaded (0ms)
		ExecutionOrderSort2 (0ms)
		AwakeInstancesAfterBackupRestoration (0ms)
========================================================================
Worker process is ready to serve import requests
Import Worker Mode flag is 0x00
Begin MonoManager ReloadAssembly
BuildProfileContext asset exists but could not be loaded.
UnityEngine.Debug:ExtractStackTraceNoAlloc (byte*,int,string)
UnityEngine.StackTraceUtility:ExtractStackTrace ()
UnityEngine.DebugLogHandler:Internal_Log (UnityEngine.LogType,UnityEngine.LogOption,string,UnityEngine.Object)
UnityEngine.DebugLogHandler:LogFormat (UnityEngine.LogType,UnityEngine.Object,string,object[])
UnityEngine.Logger:Log (UnityEngine.LogType,object)
UnityEngine.Debug:LogError (object)
UnityEditor.Build.Profile.BuildProfileContext:CreateOrLoad ()
UnityEditor.Build.Profile.BuildProfileContext:get_instance ()
UnityEditor.Build.Profile.BuildProfileContext:IsClassicPlatformProfile (UnityEditor.Build.Profile.BuildProfile)
UnityEditor.Build.Profile.BuildProfile:RemovePlayerSettings (bool)
UnityEditor.Build.Profile.BuildProfile:OnDisable ()

NullReferenceException: Object reference not set to an instance of an object
  at UnityEditor.Build.Profile.BuildProfileContext.CreateOrLoad () [0x00076] in <aa1f86fad227490683863fb0d0f47a12>:0 
  at UnityEditor.Build.Profile.BuildProfileContext.get_instance () [0x00011] in <aa1f86fad227490683863fb0d0f47a12>:0 
  at UnityEditor.Build.Profile.BuildProfileContext.IsClassicPlatformProfile (UnityEditor.Build.Profile.BuildProfile profile) [0x00001] in <aa1f86fad227490683863fb0d0f47a12>:0 
  at UnityEditor.Build.Profile.BuildProfile.RemovePlayerSettings (System.Boolean clearYaml) [0x00001] in <aa1f86fad227490683863fb0d0f47a12>:0 
  at UnityEditor.Build.Profile.BuildProfile.OnDisable () [0x00044] in <aa1f86fad227490683863fb0d0f47a12>:0 

Symbol file LoadedFromMemory is not a mono symbol file
Symbol file LoadedFromMemory is not a mono symbol file
- Loaded All Assemblies, in  2.808 seconds
Refreshing native plugins compatible for Editor in 94.45 ms, found 5 plugins.
Native extension for Android target not found
Native extension for WindowsStandalone target not found
Refreshing native plugins compatible for Editor in 16.50 ms, found 5 plugins.
Package Manager log level set to [2]
[Package Manager] Failed to launch server process. Reason: Unity was launched with the -noUpm command-line argument
[Package Manager] Unable to send message (not connected to server process).
[Package Manager] Cannot connect to Unity Package Manager local server
Mono: successfully reloaded assembly
[Package Manager] Failed to launch server process. Reason: Unity was launched with the -noUpm command-line argument
[Package Manager] Unable to send message (not connected to server process).
[Package Manager] Cannot connect to Unity Package Manager local server
[Package Manager] Failed to launch server process. Reason: Unity was launched with the -noUpm command-line argument
[Package Manager] Unable to send message (not connected to server process).
[Package Manager] Cannot connect to Unity Package Manager local server
- Finished resetting the current domain, in  9.427 seconds
Domain Reload Profiling: 12239ms
	BeginReloadAssembly (503ms)
		ExecutionOrderSort (0ms)
		DisableScriptedObjects (70ms)
		BackupInstance (0ms)
		ReleaseScriptingObjects (0ms)
		CreateAndSetChildDomain (62ms)
	RebuildCommonClasses (100ms)
	RebuildNativeTypeToScriptingClass (34ms)
	initialDomainReloadingComplete (124ms)
	LoadAllAssembliesAndSetupDomain (2049ms)
		LoadAssemblies (906ms)
		RebuildTransferFunctionScriptingTraits (0ms)
		AnalyzeDomain (1423ms)
			TypeCache.Refresh (1251ms)
				TypeCache.ScanAssembly (1190ms)
			BuildScriptInfoCaches (131ms)
			ResolveRequiredComponents (33ms)
	FinalizeReload (9427ms)
		ReleaseScriptCaches (0ms)
		RebuildScriptCaches (0ms)
		SetupLoadedEditorAssemblies (9005ms)
			LogAssemblyErrors (0ms)
			InitializePlatformSupportModulesInManaged (28ms)
			SetLoadedEditorAssemblies (7ms)
			BeforeProcessingInitializeOnLoad (198ms)
			ProcessInitializeOnLoadAttributes (8692ms)
			ProcessInitializeOnLoadMethodAttributes (75ms)
			AfterProcessingInitializeOnLoad (4ms)
			EditorAssembliesLoaded (1ms)
		ExecutionOrderSort2 (0ms)
		AwakeInstancesAfterBackupRestoration (12ms)
Launched and connected shader compiler UnityShaderCompiler.exe after 0.31 seconds
Refreshing native plugins compatible for Editor in 18.57 ms, found 5 plugins.
Preloading 0 native plugins for Editor in 0.00 ms.
Unloading 48 Unused Serialized files (Serialized files now loaded: 0)
Unloading 5462 unused Assets / (2.6 MB). Loaded Objects now: 5931.
Memory consumption went from 109.9 MB to 107.3 MB.
Total: 25.152600 ms (FindLiveObjects: 1.089500 ms CreateObjectMapping: 0.772100 ms MarkObjects: 15.836800 ms  DeleteObjects: 7.451900 ms)

========================================================================
Received Prepare
Begin MonoManager ReloadAssembly
Failed to load build profile from Library/BuildProfiles/PlatformProfile.b9b35072a6f44c2e863f17467ea3dc13.asset.
UnityEngine.Debug:ExtractStackTraceNoAlloc (byte*,int,string)
UnityEngine.StackTraceUtility:ExtractStackTrace ()
UnityEngine.DebugLogHandler:Internal_Log (UnityEngine.LogType,UnityEngine.LogOption,string,UnityEngine.Object)
UnityEngine.DebugLogHandler:LogFormat (UnityEngine.LogType,UnityEngine.Object,string,object[])
UnityEngine.Logger:Log (UnityEngine.LogType,object)
UnityEngine.Debug:LogWarning (object)
UnityEditor.Build.Profile.BuildProfileContext:OnEnable ()
UnityEditorInternal.InternalEditorUtility:LoadSerializedFileAndForget (string)
UnityEditor.Build.Profile.BuildProfileContext:CreateOrLoad ()
UnityEditor.Build.Profile.BuildProfileContext:get_instance ()
UnityEditor.Build.Profile.BuildProfileContext:IsClassicPlatformProfile (UnityEditor.Build.Profile.BuildProfile)
UnityEditor.Build.Profile.BuildProfile:RemovePlayerSettings (bool)
UnityEditor.Build.Profile.BuildProfile:OnDisable ()

Failed to load build profile from Library/BuildProfiles/PlatformProfile.80657fe557de4d17822398b3a01b8c9e.asset.
UnityEngine.Debug:ExtractStackTraceNoAlloc (byte*,int,string)
UnityEngine.StackTraceUtility:ExtractStackTrace ()
UnityEngine.DebugLogHandler:Internal_Log (UnityEngine.LogType,UnityEngine.LogOption,string,UnityEngine.Object)
UnityEngine.DebugLogHandler:LogFormat (UnityEngine.LogType,UnityEngine.Object,string,object[])
UnityEngine.Logger:Log (UnityEngine.LogType,object)
UnityEngine.Debug:LogWarning (object)
UnityEditor.Build.Profile.BuildProfileContext:OnEnable ()
UnityEditorInternal.InternalEditorUtility:LoadSerializedFileAndForget (string)
UnityEditor.Build.Profile.BuildProfileContext:CreateOrLoad ()
UnityEditor.Build.Profile.BuildProfileContext:get_instance ()
UnityEditor.Build.Profile.BuildProfileContext:IsClassicPlatformProfile (UnityEditor.Build.Profile.BuildProfile)
UnityEditor.Build.Profile.BuildProfile:RemovePlayerSettings (bool)
UnityEditor.Build.Profile.BuildProfile:OnDisable ()

Failed to load shared profile from Library/BuildProfiles/SharedProfile.asset.
UnityEngine.Debug:ExtractStackTraceNoAlloc (byte*,int,string)
UnityEngine.StackTraceUtility:ExtractStackTrace ()
UnityEngine.DebugLogHandler:Internal_Log (UnityEngine.LogType,UnityEngine.LogOption,string,UnityEngine.Object)
UnityEngine.DebugLogHandler:LogFormat (UnityEngine.LogType,UnityEngine.Object,string,object[])
UnityEngine.Logger:Log (UnityEngine.LogType,object)
UnityEngine.Debug:LogWarning (object)
UnityEditor.Build.Profile.BuildProfileContext:OnEnable ()
UnityEditorInternal.InternalEditorUtility:LoadSerializedFileAndForget (string)
UnityEditor.Build.Profile.BuildProfileContext:CreateOrLoad ()
UnityEditor.Build.Profile.BuildProfileContext:get_instance ()
UnityEditor.Build.Profile.BuildProfileContext:IsClassicPlatformProfile (UnityEditor.Build.Profile.BuildProfile)
UnityEditor.Build.Profile.BuildProfile:RemovePlayerSettings (bool)
UnityEditor.Build.Profile.BuildProfile:OnDisable ()

Symbol file LoadedFromMemory is not a mono symbol file
Symbol file LoadedFromMemory is not a mono symbol file
- Loaded All Assemblies, in 32.763 seconds
Failed to load build profile from Library/BuildProfiles/PlatformProfile.4e3c793746204150860bf175a9a41a05.asset.
UnityEngine.Debug:ExtractStackTraceNoAlloc (byte*,int,string)
UnityEngine.StackTraceUtility:ExtractStackTrace ()
UnityEngine.DebugLogHandler:Internal_Log (UnityEngine.LogType,UnityEngine.LogOption,string,UnityEngine.Object)
UnityEngine.DebugLogHandler:LogFormat (UnityEngine.LogType,UnityEngine.Object,string,object[])
UnityEngine.Logger:Log (UnityEngine.LogType,object)
UnityEngine.Debug:LogWarning (object)
UnityEditor.Build.Profile.BuildProfileContext:OnEnable ()
UnityEngine.ScriptableObject:CreateScriptableObjectInstanceFromType (System.Type,bool)
UnityEngine.ScriptableObject:CreateInstance (System.Type)
UnityEngine.ScriptableObject:CreateInstance<UnityEditor.Build.Profile.BuildProfileContext> ()
UnityEditor.Build.Profile.BuildProfileContext:CreateOrLoad ()
UnityEditor.Build.Profile.BuildProfileContext:get_instance ()
UnityEditor.Build.Profile.BuildProfileContext:GetActiveOrClassicBuildProfile (UnityEditor.BuildTarget,UnityEditor.StandaloneBuildSubtarget,string)

Failed to load build profile from Library/BuildProfiles/PlatformProfile.b9b35072a6f44c2e863f17467ea3dc13.asset.
UnityEngine.Debug:ExtractStackTraceNoAlloc (byte*,int,string)
UnityEngine.StackTraceUtility:ExtractStackTrace ()
UnityEngine.DebugLogHandler:Internal_Log (UnityEngine.LogType,UnityEngine.LogOption,string,UnityEngine.Object)
UnityEngine.DebugLogHandler:LogFormat (UnityEngine.LogType,UnityEngine.Object,string,object[])
UnityEngine.Logger:Log (UnityEngine.LogType,object)
UnityEngine.Debug:LogWarning (object)
UnityEditor.Build.Profile.BuildProfileContext:OnEnable ()
UnityEngine.ScriptableObject:CreateScriptableObjectInstanceFromType (System.Type,bool)
UnityEngine.ScriptableObject:CreateInstance (System.Type)
UnityEngine.ScriptableObject:CreateInstance<UnityEditor.Build.Profile.BuildProfileContext> ()
UnityEditor.Build.Profile.BuildProfileContext:CreateOrLoad ()
UnityEditor.Build.Profile.BuildProfileContext:get_instance ()
UnityEditor.Build.Profile.BuildProfileContext:GetActiveOrClassicBuildProfile (UnityEditor.BuildTarget,UnityEditor.StandaloneBuildSubtarget,string)

Failed to load build profile from Library/BuildProfiles/PlatformProfile.80657fe557de4d17822398b3a01b8c9e.asset.
UnityEngine.Debug:ExtractStackTraceNoAlloc (byte*,int,string)
UnityEngine.StackTraceUtility:ExtractStackTrace ()
UnityEngine.DebugLogHandler:Internal_Log (UnityEngine.LogType,UnityEngine.LogOption,string,UnityEngine.Object)
UnityEngine.DebugLogHandler:LogFormat (UnityEngine.LogType,UnityEngine.Object,string,object[])
UnityEngine.Logger:Log (UnityEngine.LogType,object)
UnityEngine.Debug:LogWarning (object)
UnityEditor.Build.Profile.BuildProfileContext:OnEnable ()
UnityEngine.ScriptableObject:CreateScriptableObjectInstanceFromType (System.Type,bool)
UnityEngine.ScriptableObject:CreateInstance (System.Type)
UnityEngine.ScriptableObject:CreateInstance<UnityEditor.Build.Profile.BuildProfileContext> ()
UnityEditor.Build.Profile.BuildProfileContext:CreateOrLoad ()
UnityEditor.Build.Profile.BuildProfileContext:get_instance ()
UnityEditor.Build.Profile.BuildProfileContext:GetActiveOrClassicBuildProfile (UnityEditor.BuildTarget,UnityEditor.StandaloneBuildSubtarget,string)

Failed to load shared profile from Library/BuildProfiles/SharedProfile.asset.
UnityEngine.Debug:ExtractStackTraceNoAlloc (byte*,int,string)
UnityEngine.StackTraceUtility:ExtractStackTrace ()
UnityEngine.DebugLogHandler:Internal_Log (UnityEngine.LogType,UnityEngine.LogOption,string,UnityEngine.Object)
UnityEngine.DebugLogHandler:LogFormat (UnityEngine.LogType,UnityEngine.Object,string,object[])
UnityEngine.Logger:Log (UnityEngine.LogType,object)
UnityEngine.Debug:LogWarning (object)
UnityEditor.Build.Profile.BuildProfileContext:OnEnable ()
UnityEngine.ScriptableObject:CreateScriptableObjectInstanceFromType (System.Type,bool)
UnityEngine.ScriptableObject:CreateInstance (System.Type)
UnityEngine.ScriptableObject:CreateInstance<UnityEditor.Build.Profile.BuildProfileContext> ()
UnityEditor.Build.Profile.BuildProfileContext:CreateOrLoad ()
UnityEditor.Build.Profile.BuildProfileContext:get_instance ()
UnityEditor.Build.Profile.BuildProfileContext:GetActiveOrClassicBuildProfile (UnityEditor.BuildTarget,UnityEditor.StandaloneBuildSubtarget,string)

Refreshing native plugins compatible for Editor in 375.48 ms, found 5 plugins.
BuildProfileContext singleton already exists.
UnityEngine.Debug:ExtractStackTraceNoAlloc (byte*,int,string)
UnityEngine.StackTraceUtility:ExtractStackTrace ()
UnityEngine.DebugLogHandler:Internal_Log (UnityEngine.LogType,UnityEngine.LogOption,string,UnityEngine.Object)
UnityEngine.DebugLogHandler:LogFormat (UnityEngine.LogType,UnityEngine.Object,string,object[])
UnityEngine.Logger:Log (UnityEngine.LogType,object)
UnityEngine.Debug:LogError (object)
UnityEditor.Build.Profile.BuildProfileContext:.ctor ()

Native extension for Android target not found
Native extension for WindowsStandalone target not found
[Package Manager] Failed to launch server process. Reason: Unity was launched with the -noUpm command-line argument
[Package Manager] Unable to send message (not connected to server process).
[Package Manager] Cannot connect to Unity Package Manager local server
Mono: successfully reloaded assembly
[Package Manager] Failed to launch server process. Reason: Unity was launched with the -noUpm command-line argument
[Package Manager] Unable to send message (not connected to server process).
[Package Manager] Cannot connect to Unity Package Manager local server
- Finished resetting the current domain, in  5.495 seconds
Domain Reload Profiling: 38393ms
	BeginReloadAssembly (13436ms)
		ExecutionOrderSort (8ms)
		DisableScriptedObjects (9708ms)
		BackupInstance (0ms)
		ReleaseScriptingObjects (5ms)
		CreateAndSetChildDomain (1517ms)
	RebuildCommonClasses (173ms)
	RebuildNativeTypeToScriptingClass (52ms)
	initialDomainReloadingComplete (1053ms)
	LoadAllAssembliesAndSetupDomain (18179ms)
		LoadAssemblies (15930ms)
		RebuildTransferFunctionScriptingTraits (0ms)
		AnalyzeDomain (3000ms)
			TypeCache.Refresh (399ms)
				TypeCache.ScanAssembly (0ms)
			BuildScriptInfoCaches (2207ms)
			ResolveRequiredComponents (197ms)
	FinalizeReload (5501ms)
		ReleaseScriptCaches (0ms)
		RebuildScriptCaches (0ms)
		SetupLoadedEditorAssemblies (4261ms)
			LogAssemblyErrors (0ms)
			InitializePlatformSupportModulesInManaged (180ms)
			SetLoadedEditorAssemblies (12ms)
			BeforeProcessingInitializeOnLoad (1059ms)
			ProcessInitializeOnLoadAttributes (2359ms)
			ProcessInitializeOnLoadMethodAttributes (640ms)
			AfterProcessingInitializeOnLoad (11ms)
			EditorAssembliesLoaded (1ms)
		ExecutionOrderSort2 (0ms)
		AwakeInstancesAfterBackupRestoration (25ms)
Refreshing native plugins compatible for Editor in 8.72 ms, found 5 plugins.
Preloading 0 native plugins for Editor in 0.00 ms.
Unloading 12 Unused Serialized files (Serialized files now loaded: 0)
Unloading 5461 unused Assets / (1.5 MB). Loaded Objects now: 5973.
Memory consumption went from 123.5 MB to 122.0 MB.
Total: 34.597500 ms (FindLiveObjects: 1.043000 ms CreateObjectMapping: 1.297400 ms MarkObjects: 21.688800 ms  DeleteObjects: 10.560600 ms)

Prepare: number of updated asset objects reloaded= 0
